This is pdfTeX, Version 3.14159265-2.6-1.40.16 (TeX Live 2015/Debian) (preloaded format=pdflatex 2016.12.13)  20 DEC 2016 12:59
entering extended mode
 restricted \write18 enabled.
 %&-line parsing enabled.
**Ksiazka.tex
(./Ksiazka.tex
LaTeX2e <2016/02/01>
Babel <3.9q> and hyphenation patterns for 4 language(s) loaded.
(/usr/share/texlive/texmf-dist/tex/latex/base/book.cls
Document Class: book 2014/09/29 v1.4h Standard LaTeX document class
(/usr/share/texlive/texmf-dist/tex/latex/base/bk11.clo
File: bk11.clo 2014/09/29 v1.4h Standard LaTeX file (size option)
)
\c@part=\count79
\c@chapter=\count80
\c@section=\count81
\c@subsection=\count82
\c@subsubsection=\count83
\c@paragraph=\count84
\c@subparagraph=\count85
\c@figure=\count86
\c@table=\count87
\abovecaptionskip=\skip41
\belowcaptionskip=\skip42
\bibindent=\dimen102
)
(/usr/share/texlive/texmf-dist/tex/latex/graphics/graphicx.sty
Package: graphicx 2014/10/28 v1.0g Enhanced LaTeX Graphics (DPC,SPQR)

(/usr/share/texlive/texmf-dist/tex/latex/graphics/keyval.sty
Package: keyval 2014/10/28 v1.15 key=value parser (DPC)
\KV@toks@=\toks14
)
(/usr/share/texlive/texmf-dist/tex/latex/graphics/graphics.sty
Package: graphics 2016/01/03 v1.0q Standard LaTeX Graphics (DPC,SPQR)

(/usr/share/texlive/texmf-dist/tex/latex/graphics/trig.sty
Package: trig 2016/01/03 v1.10 sin cos tan (DPC)
)
(/usr/share/texlive/texmf-dist/tex/latex/latexconfig/graphics.cfg
File: graphics.cfg 2010/04/23 v1.9 graphics configuration of TeX Live
)
Package graphics Info: Driver file: pdftex.def on input line 95.

(/usr/share/texlive/texmf-dist/tex/latex/pdftex-def/pdftex.def
File: pdftex.def 2011/05/27 v0.06d Graphics/color for pdfTeX

(/usr/share/texlive/texmf-dist/tex/generic/oberdiek/infwarerr.sty
Package: infwarerr 2010/04/08 v1.3 Providing info/warning/error messages (HO)
)
(/usr/share/texlive/texmf-dist/tex/generic/oberdiek/ltxcmds.sty
Package: ltxcmds 2011/11/09 v1.22 LaTeX kernel commands for general use (HO)
)
\Gread@gobject=\count88
))
\Gin@req@height=\dimen103
\Gin@req@width=\dimen104
)
(/usr/share/texlive/texmf-dist/tex/latex/wrapfig/wrapfig.sty
\wrapoverhang=\dimen105
\WF@size=\dimen106
\c@WF@wrappedlines=\count89
\WF@box=\box26
\WF@everypar=\toks15
Package: wrapfig 2003/01/31  v 3.6
)
(/usr/share/texlive/texmf-dist/tex/latex/amsmath/amsmath.sty
Package: amsmath 2016/03/03 v2.15a AMS math features
\@mathmargin=\skip43

For additional information on amsmath, use the `?' option.
(/usr/share/texlive/texmf-dist/tex/latex/amsmath/amstext.sty
Package: amstext 2000/06/29 v2.01 AMS text

(/usr/share/texlive/texmf-dist/tex/latex/amsmath/amsgen.sty
File: amsgen.sty 1999/11/30 v2.0 generic functions
\@emptytoks=\toks16
\ex@=\dimen107
))
(/usr/share/texlive/texmf-dist/tex/latex/amsmath/amsbsy.sty
Package: amsbsy 1999/11/29 v1.2d Bold Symbols
\pmbraise@=\dimen108
)
(/usr/share/texlive/texmf-dist/tex/latex/amsmath/amsopn.sty
Package: amsopn 1999/12/14 v2.01 operator names
)
\inf@bad=\count90
LaTeX Info: Redefining \frac on input line 199.
\uproot@=\count91
\leftroot@=\count92
LaTeX Info: Redefining \overline on input line 297.
\classnum@=\count93
\DOTSCASE@=\count94
LaTeX Info: Redefining \ldots on input line 394.
LaTeX Info: Redefining \dots on input line 397.
LaTeX Info: Redefining \cdots on input line 518.
\Mathstrutbox@=\box27
\strutbox@=\box28
\big@size=\dimen109
LaTeX Font Info:    Redeclaring font encoding OML on input line 630.
LaTeX Font Info:    Redeclaring font encoding OMS on input line 631.
\macc@depth=\count95
\c@MaxMatrixCols=\count96
\dotsspace@=\muskip10
\c@parentequation=\count97
\dspbrk@lvl=\count98
\tag@help=\toks17
\row@=\count99
\column@=\count100
\maxfields@=\count101
\andhelp@=\toks18
\eqnshift@=\dimen110
\alignsep@=\dimen111
\tagshift@=\dimen112
\tagwidth@=\dimen113
\totwidth@=\dimen114
\lineht@=\dimen115
\@envbody=\toks19
\multlinegap=\skip44
\multlinetaggap=\skip45
\mathdisplay@stack=\toks20
LaTeX Info: Redefining \[ on input line 2735.
LaTeX Info: Redefining \] on input line 2736.
)
(/usr/share/texlive/texmf-dist/tex/latex/tools/longtable.sty
Package: longtable 2014/10/28 v4.11 Multi-page Table package (DPC)
\LTleft=\skip46
\LTright=\skip47
\LTpre=\skip48
\LTpost=\skip49
\LTchunksize=\count102
\LTcapwidth=\dimen116
\LT@head=\box29
\LT@firsthead=\box30
\LT@foot=\box31
\LT@lastfoot=\box32
\LT@cols=\count103
\LT@rows=\count104
\c@LT@tables=\count105
\c@LT@chunks=\count106
\LT@p@ftn=\toks21
)
(/usr/share/texlive/texmf-dist/tex/latex/xcolor/xcolor.sty
Package: xcolor 2007/01/21 v2.11 LaTeX color extensions (UK)

(/usr/share/texlive/texmf-dist/tex/latex/latexconfig/color.cfg
File: color.cfg 2007/01/18 v1.5 color configuration of teTeX/TeXLive
)
Package xcolor Info: Driver file: pdftex.def on input line 225.

(/usr/share/texlive/texmf-dist/tex/latex/colortbl/colortbl.sty
Package: colortbl 2012/02/13 v1.0a Color table columns (DPC)

(/usr/share/texlive/texmf-dist/tex/latex/tools/array.sty
Package: array 2014/10/28 v2.4c Tabular extension package (FMi)
\col@sep=\dimen117
\extrarowheight=\dimen118
\NC@list=\toks22
\extratabsurround=\skip50
\backup@length=\skip51
)
\everycr=\toks23
\minrowclearance=\skip52
)
\rownum=\count107
Package xcolor Info: Model `cmy' substituted by `cmy0' on input line 1337.
Package xcolor Info: Model `hsb' substituted by `rgb' on input line 1341.
Package xcolor Info: Model `RGB' extended on input line 1353.
Package xcolor Info: Model `HTML' substituted by `rgb' on input line 1355.
Package xcolor Info: Model `Hsb' substituted by `hsb' on input line 1356.
Package xcolor Info: Model `tHsb' substituted by `hsb' on input line 1357.
Package xcolor Info: Model `HSB' substituted by `hsb' on input line 1358.
Package xcolor Info: Model `Gray' substituted by `gray' on input line 1359.
Package xcolor Info: Model `wave' substituted by `hsb' on input line 1360.
)
(/usr/share/texlive/texmf-dist/tex/latex/amsfonts/amssymb.sty
Package: amssymb 2013/01/14 v3.01 AMS font symbols

(/usr/share/texlive/texmf-dist/tex/latex/amsfonts/amsfonts.sty
Package: amsfonts 2013/01/14 v3.01 Basic AMSFonts support
\symAMSa=\mathgroup4
\symAMSb=\mathgroup5
LaTeX Font Info:    Overwriting math alphabet `\mathfrak' in version `bold'
(Font)                  U/euf/m/n --> U/euf/b/n on input line 106.
))
(/usr/share/texlive/texmf-dist/tex/latex/sidecap/sidecap.sty
Package: sidecap 2003/06/06 v1.6f SideCap Package (RN/HjG)

(/usr/share/texlive/texmf-dist/tex/latex/base/ifthen.sty
Package: ifthen 2014/09/29 v1.1c Standard LaTeX ifthen package (DPC)
)
\SC@BOXWD=\dimen119
\SC@CAPWD=\dimen120
\SC@tempdima=\dimen121
\SC@tempdimb=\dimen122
\c@SC@C=\count108
\SC@BOX=\box33
)
(/usr/share/texlive/texmf-dist/tex/latex/was/upgreek.sty
Package: upgreek 2003/02/12 v2.0 (WaS)
Package upgreek Info: Using Euler Roman for upright Greek on input line 31.
\symugrf@m=\mathgroup6
LaTeX Font Info:    Overwriting symbol font `ugrf@m' in version `bold'
(Font)                  U/eur/m/n --> U/eur/b/n on input line 38.
) (./Ksiazka.aux)
\openout1 = `Ksiazka.aux'.

LaTeX Font Info:    Checking defaults for OML/cmm/m/it on input line 10.
LaTeX Font Info:    ... okay on input line 10.
LaTeX Font Info:    Checking defaults for T1/cmr/m/n on input line 10.
LaTeX Font Info:    ... okay on input line 10.
LaTeX Font Info:    Checking defaults for OT1/cmr/m/n on input line 10.
LaTeX Font Info:    ... okay on input line 10.
LaTeX Font Info:    Checking defaults for OMS/cmsy/m/n on input line 10.
LaTeX Font Info:    ... okay on input line 10.
LaTeX Font Info:    Checking defaults for OMX/cmex/m/n on input line 10.
LaTeX Font Info:    ... okay on input line 10.
LaTeX Font Info:    Checking defaults for U/cmr/m/n on input line 10.
LaTeX Font Info:    ... okay on input line 10.

(/usr/share/texlive/texmf-dist/tex/context/base/supp-pdf.mkii
[Loading MPS to PDF converter (version 2006.09.02).]
\scratchcounter=\count109
\scratchdimen=\dimen123
\scratchbox=\box34
\nofMPsegments=\count110
\nofMParguments=\count111
\everyMPshowfont=\toks24
\MPscratchCnt=\count112
\MPscratchDim=\dimen124
\MPnumerator=\count113
\makeMPintoPDFobject=\count114
\everyMPtoPDFconversion=\toks25
) (/usr/share/texlive/texmf-dist/tex/generic/oberdiek/pdftexcmds.sty
Package: pdftexcmds 2011/11/29 v0.20 Utility functions of pdfTeX for LuaTeX (HO
)

(/usr/share/texlive/texmf-dist/tex/generic/oberdiek/ifluatex.sty
Package: ifluatex 2010/03/01 v1.3 Provides the ifluatex switch (HO)
Package ifluatex Info: LuaTeX not detected.
)
(/usr/share/texlive/texmf-dist/tex/generic/oberdiek/ifpdf.sty
Package: ifpdf 2011/01/30 v2.3 Provides the ifpdf switch (HO)
Package ifpdf Info: pdfTeX in PDF mode is detected.
)
Package pdftexcmds Info: LuaTeX not detected.
Package pdftexcmds Info: \pdf@primitive is available.
Package pdftexcmds Info: \pdf@ifprimitive is available.
Package pdftexcmds Info: \pdfdraftmode found.
)
(/usr/share/texlive/texmf-dist/tex/latex/oberdiek/epstopdf-base.sty
Package: epstopdf-base 2010/02/09 v2.5 Base part for package epstopdf

(/usr/share/texlive/texmf-dist/tex/latex/oberdiek/grfext.sty
Package: grfext 2010/08/19 v1.1 Manage graphics extensions (HO)

(/usr/share/texlive/texmf-dist/tex/generic/oberdiek/kvdefinekeys.sty
Package: kvdefinekeys 2011/04/07 v1.3 Define keys (HO)
))
(/usr/share/texlive/texmf-dist/tex/latex/oberdiek/kvoptions.sty
Package: kvoptions 2011/06/30 v3.11 Key value format for package options (HO)

(/usr/share/texlive/texmf-dist/tex/generic/oberdiek/kvsetkeys.sty
Package: kvsetkeys 2012/04/25 v1.16 Key value parser (HO)

(/usr/share/texlive/texmf-dist/tex/generic/oberdiek/etexcmds.sty
Package: etexcmds 2011/02/16 v1.5 Avoid name clashes with e-TeX commands (HO)
Package etexcmds Info: Could not find \expanded.
(etexcmds)             That can mean that you are not using pdfTeX 1.50 or
(etexcmds)             that some package has redefined \expanded.
(etexcmds)             In the latter case, load this package earlier.
)))
Package grfext Info: Graphics extension search list:
(grfext)             [.png,.pdf,.jpg,.mps,.jpeg,.jbig2,.jb2,.PNG,.PDF,.JPG,.JPE
G,.JBIG2,.JB2,.eps]
(grfext)             \AppendGraphicsExtensions on input line 452.

(/usr/share/texlive/texmf-dist/tex/latex/latexconfig/epstopdf-sys.cfg
File: epstopdf-sys.cfg 2010/07/13 v1.3 Configuration of (r)epstopdf for TeX Liv
e
))
(/usr/share/texlive/texmf-dist/tex/latex/ms/ragged2e.sty
Package: ragged2e 2009/05/21 v2.1 ragged2e Package (MS)

(/usr/share/texlive/texmf-dist/tex/latex/ms/everysel.sty
Package: everysel 2011/10/28 v1.2 EverySelectfont Package (MS)

ABD: EverySelectfont initializing macros
LaTeX Info: Redefining \selectfont on input line 126.
)
\CenteringLeftskip=\skip53
\RaggedLeftLeftskip=\skip54
\RaggedRightLeftskip=\skip55
\CenteringRightskip=\skip56
\RaggedLeftRightskip=\skip57
\RaggedRightRightskip=\skip58
\CenteringParfillskip=\skip59
\RaggedLeftParfillskip=\skip60
\RaggedRightParfillskip=\skip61
\JustifyingParfillskip=\skip62
\CenteringParindent=\skip63
\RaggedLeftParindent=\skip64
\RaggedRightParindent=\skip65
\JustifyingParindent=\skip66
) [1


{/var/lib/texmf/fonts/map/pdftex/updmap/pdftex.map}] [2

]
Chapter 1.
[3]
LaTeX Font Info:    Try loading font information for OMS+cmr on input line 39.
 (/usr/share/texlive/texmf-dist/tex/latex/base/omscmr.fd
File: omscmr.fd 2014/09/29 v2.5h Standard LaTeX font definitions
)
LaTeX Font Info:    Font shape `OMS/cmr/m/n' in size <10.95> not available
(Font)              Font shape `OMS/cmsy/m/n' tried instead on input line 39.
 [4] [5]
<one.jpg, id=25, 351.3125pt x 401.5pt>
File: one.jpg Graphic file (type jpg)
 <use one.jpg>
Package pdftex.def Info: one.jpg used on input line 142.
(pdftex.def)             Requested size: 180.0pt x 205.718pt.

Underfull \hbox (badness 10000) in paragraph at lines 143--143
[][]\OT1/cmr/m/n/10.95 : |A
 []


Underfull \hbox (badness 10000) in paragraph at lines 143--143
\OT1/cmr/m/n/10.95 draw-ing of a
 []

[6 <./one.jpg>]
Chapter 2.
[7

] [8]
LaTeX Font Info:    Try loading font information for U+msa on input line 176.
 (/usr/share/texlive/texmf-dist/tex/latex/amsfonts/umsa.fd
File: umsa.fd 2013/01/14 v3.01 AMS symbols A
)
LaTeX Font Info:    Try loading font information for U+msb on input line 176.

(/usr/share/texlive/texmf-dist/tex/latex/amsfonts/umsb.fd
File: umsb.fd 2013/01/14 v3.01 AMS symbols B
)
Underfull \hbox (badness 10000) in paragraph at lines 184--184
[]|\OT1/cmr/m/n/10.95 Kingdom of
 []


Underfull \hbox (badness 10000) in paragraph at lines 184--184
[]|\OT1/cmr/m/n/10.95 Melisende of
 []


Underfull \hbox (badness 10000) in paragraph at lines 185--185
[]|\OT1/cmr/m/n/10.95 Emirate of
 []


Underfull \hbox (badness 10000) in paragraph at lines 185--185
[]|\OT1/cmr/m/n/10.95 Baldwin III of
 []


Underfull \hbox (badness 10000) in paragraph at lines 185--186
[]|\OT1/cmr/m/n/10.95 Imad ad-Din
 []


Underfull \hbox (badness 10000) in paragraph at lines 186--186
[]|\OT1/cmr/m/n/10.95 Principality of
 []


Underfull \hbox (badness 10000) in paragraph at lines 186--186
[]|\OT1/cmr/m/n/10.95 Abbasid
 []


Underfull \hbox (badness 7291) in paragraph at lines 186--186
[]|\OT1/cmr/m/n/10.95 Raymond II of
 []


Underfull \hbox (badness 10000) in paragraph at lines 187--187
[]|\OT1/cmr/m/n/10.95 Fatimid
 []


Underfull \hbox (badness 10000) in paragraph at lines 187--187
[]|\OT1/cmr/m/n/10.95 Raymond of
 []


Underfull \hbox (badness 10000) in paragraph at lines 188--188
[]|\OT1/cmr/m/n/10.95 Knights Hos-pi-
 []


Underfull \hbox (badness 10000) in paragraph at lines 188--188
[]|\OT1/cmr/m/n/10.95 Louis VII of
 []


Underfull \hbox (badness 10000) in paragraph at lines 189--189
[]|\OT1/cmr/m/n/10.95 Canons Reg-u-
 []


Underfull \hbox (badness 2080) in paragraph at lines 189--189
\OT1/cmr/m/n/10.95 lar of the Holy
 []

Missing character: There is no Ã in font cmr10!
Missing character: There is no ¢ in font cmr10!

Underfull \hbox (badness 10000) in paragraph at lines 191--191
[]|\OT1/cmr/m/n/10.95 Kingdom of
 []


Underfull \hbox (badness 10000) in paragraph at lines 191--192
[]|\OT1/cmr/m/n/10.95 Ibrahim ibn
 []

Missing character: There is no Ã in font cmr10!
Missing character: There is no ³ in font cmr10!

Underfull \hbox (badness 10000) in paragraph at lines 193--193
[]|\OT1/cmr/m/n/10.95 Alfonso VII of
 []


Underfull \hbox (badness 10000) in paragraph at lines 196--196
[]|\OT1/cmr/m/n/10.95 Ottokar III of
 []


Underfull \hbox (badness 10000) in paragraph at lines 196--197
[]|\OT1/cmr/m/n/10.95 Ratibor I of
 []


Underfull \hbox (badness 10000) in paragraph at lines 197--197
[]|\OT1/cmr/m/n/10.95 Kingdom of
 []


Underfull \hbox (badness 6808) in paragraph at lines 201--201
[]|\OT1/cmr/m/n/10.95 French: 15,000
 []


Overfull \hbox (31.43301pt too wide) in paragraph at lines 176--204
 [] 
 []

<two.JPG, id=37, 675.52374pt x 602.25pt>
File: two.JPG Graphic file (type jpg)
 <use two.JPG>
Package pdftex.def Info: two.JPG used on input line 212.
(pdftex.def)             Requested size: 360.0pt x 320.95537pt.
 [9 <./two.JPG>] [10]
Chapter 3.
[11

] [12]
Overfull \hbox (4.95343pt too wide) in paragraph at lines 248--248
[]|\OT1/cmr/m/n/10.95 Crusaders| 
 []


Underfull \hbox (badness 10000) in paragraph at lines 248--248
[]|\OT1/cmr/m/n/10.95 Islam
 []


Overfull \hbox (4.95343pt too wide) in paragraph at lines 248--248
[]|\OT1/cmr/m/n/10.95 Crusaders| 
 []


Underfull \hbox (badness 10000) in paragraph at lines 248--248
[]|\OT1/cmr/m/n/10.95 Islam
 []


Overfull \hbox (1.59894pt too wide) in paragraph at lines 248--248
\OT1/cmr/m/n/10.95 Forces| 
 []


Overfull \hbox (4.95343pt too wide) in paragraph at lines 248--249
[]|\OT1/cmr/m/n/10.95 Crusaders| 
 []


Overfull \hbox (1.12096pt too wide) in paragraph at lines 250--250
[]|\OT1/cmr/m/n/10.95 Kingdom
 []


Underfull \hbox (badness 7064) in paragraph at lines 250--250
\OT1/cmr/m/n/10.95 of Eng-
 []


Underfull \hbox (badness 10000) in paragraph at lines 250--250
[]|\OT1/cmr/m/n/10.95 Ayyubid
 []


Underfull \hbox (badness 10000) in paragraph at lines 250--250
[]|\OT1/cmr/m/n/10.95 King
 []


Underfull \hbox (badness 10000) in paragraph at lines 250--250
\OT1/cmr/m/n/10.95 Richard
 []


Underfull \hbox (badness 10000) in paragraph at lines 250--250
\OT1/cmr/m/n/10.95 the Li-
 []


Overfull \hbox (2.57231pt too wide) in paragraph at lines 250--250
[]|\OT1/cmr/m/n/10.95 Sultan
 []


Underfull \hbox (badness 10000) in paragraph at lines 250--250
\OT1/cmr/m/n/10.95 Sal-
 []


Underfull \hbox (badness 10000) in paragraph at lines 250--251
[]|\OT1/cmr/m/n/10.95 English:
 []


Underfull \hbox (badness 10000) in paragraph at lines 250--251
\OT1/cmr/m/n/10.95 8,000
 []


Overfull \hbox (1.12096pt too wide) in paragraph at lines 251--251
[]|\OT1/cmr/m/n/10.95 Kingdom
 []


Underfull \hbox (badness 10000) in paragraph at lines 251--251
\OT1/cmr/m/n/10.95 of
 []


Underfull \hbox (badness 10000) in paragraph at lines 251--251
[]|\OT1/cmr/m/n/10.95 King
 []


Underfull \hbox (badness 10000) in paragraph at lines 251--251
\OT1/cmr/m/n/10.95 Philip
 []


Underfull \hbox (badness 10000) in paragraph at lines 251--251
\OT1/cmr/m/n/10.95 Au-gus-
 []


Underfull \hbox (badness 10000) in paragraph at lines 251--251
[]|\OT1/cmr/m/n/10.95 Al-
 []


Overfull \hbox (14.16107pt too wide) in paragraph at lines 251--251
\OT1/cmr/m/n/10.95 Muzaffar
 []


Underfull \hbox (badness 10000) in paragraph at lines 251--252
[]|\OT1/cmr/m/n/10.95 French:
 []


Underfull \hbox (badness 10000) in paragraph at lines 251--252
\OT1/cmr/m/n/10.95 2,000
 []


Underfull \hbox (badness 10000) in paragraph at lines 252--252
[]|\OT1/cmr/m/n/10.95 Duchy
 []


Underfull \hbox (badness 10000) in paragraph at lines 252--252
\OT1/cmr/m/n/10.95 of Bur-
 []


Underfull \hbox (badness 3417) in paragraph at lines 252--252
[]|\OT1/cmr/m/n/10.95 Emirate of
 []


Underfull \hbox (badness 10000) in paragraph at lines 252--252
[]|\OT1/cmr/m/n/10.95 Duke
 []


Underfull \hbox (badness 10000) in paragraph at lines 252--252
\OT1/cmr/m/n/10.95 of Bur-
 []


Underfull \hbox (badness 10000) in paragraph at lines 252--252
[]|\OT1/cmr/m/n/10.95 Al-
 []


Underfull \hbox (badness 10000) in paragraph at lines 252--252
\OT1/cmr/m/n/10.95 Adil
 []


Overfull \hbox (3.11324pt too wide) in paragraph at lines 252--253
[]|\OT1/cmr/m/n/10.95 Germans:
 []


Underfull \hbox (badness 10000) in paragraph at lines 252--253
\OT1/cmr/m/n/10.95 15,000-
 []


Underfull \hbox (badness 10000) in paragraph at lines 252--253
\OT1/cmr/m/n/10.95 100,000
 []


Underfull \hbox (badness 10000) in paragraph at lines 253--253
[]|\OT1/cmr/m/n/10.95 County
 []


Underfull \hbox (badness 3417) in paragraph at lines 253--253
[]|\OT1/cmr/m/n/10.95 Emirate of
 []


Underfull \hbox (badness 10000) in paragraph at lines 253--253
[]|\OT1/cmr/m/n/10.95 Count
 []


Overfull \hbox (2.3376pt too wide) in paragraph at lines 253--253
\OT1/cmr/m/n/10.95 Theobald
 []


Underfull \hbox (badness 10000) in paragraph at lines 253--253
\OT1/cmr/m/n/10.95 V of
 []


Underfull \hbox (badness 10000) in paragraph at lines 253--253
[]|\OT1/cmr/m/n/10.95 Al-
 []


Overfull \hbox (14.8997pt too wide) in paragraph at lines 253--254
[]|\OT1/cmr/m/n/10.95 Hungarians:
 []


Underfull \hbox (badness 10000) in paragraph at lines 253--254
\OT1/cmr/m/n/10.95 2,000
 []


Underfull \hbox (badness 10000) in paragraph at lines 254--254
[]|\OT1/cmr/m/n/10.95 Holy
 []


Underfull \hbox (badness 10000) in paragraph at lines 254--254
\OT1/cmr/m/n/10.95 Ro-man
 []


Underfull \hbox (badness 3417) in paragraph at lines 254--254
[]|\OT1/cmr/m/n/10.95 Emirate of
 []


Overfull \hbox (7.03043pt too wide) in paragraph at lines 254--254
\OT1/cmr/m/n/10.95 Mesopotamia| 
 []


Underfull \hbox (badness 10000) in paragraph at lines 254--254
[]|\OT1/cmr/m/n/10.95 Count
 []


Underfull \hbox (badness 10000) in paragraph at lines 254--254
\OT1/cmr/m/n/10.95 Henry
 []


Underfull \hbox (badness 10000) in paragraph at lines 254--254
\OT1/cmr/m/n/10.95 II of
 []


Underfull \hbox (badness 10000) in paragraph at lines 254--254
\OT1/cmr/m/n/10.95 Cham-
 []


Overfull \hbox (4.88397pt too wide) in paragraph at lines 254--254
[]|\OT1/cmr/m/n/10.95 Robert
 []


Underfull \hbox (badness 10000) in paragraph at lines 254--254
\OT1/cmr/m/n/10.95 Al-
 []


Underfull \hbox (badness 10000) in paragraph at lines 255--255
[]|\OT1/cmr/m/n/10.95 Guy of
 []


Underfull \hbox (badness 10000) in paragraph at lines 255--255
\OT1/cmr/m/n/10.95 Lusig-
 []


Underfull \hbox (badness 10000) in paragraph at lines 256--256
[]|\OT1/cmr/m/n/10.95 Nizari Is-
 []


Overfull \hbox (234.38745pt too wide) in paragraph at lines 242--260
 [][] 
 []


Package wrapfig Warning: Collision between wrapping environments on input line 
262.

<three.jpg, id=50, 156.585pt x 148.1535pt>
File: three.jpg Graphic file (type jpg)
 <use three.jpg>
Package pdftex.def Info: three.jpg used on input line 267.
(pdftex.def)             Requested size: 234.8769pt x 222.2297pt.

Overfull \hbox (7.25487pt too wide) in paragraph at lines 267--268
 [] 
 []


Overfull \vbox (96.21649pt too high) has occurred while \output is active []


[13] [14 <./three.jpg>]
Chapter 4.
[15

]
Underfull \hbox (badness 10000) in paragraph at lines 286--288

 []

[16] <four.png, id=68, 601.24625pt x 710.655pt>
File: four.png Graphic file (type png)
 <use four.png>
Package pdftex.def Info: four.png used on input line 301.
(pdftex.def)             Requested size: 300.62238pt x 355.32663pt.

Overfull \hbox (103.81647pt too wide) in paragraph at lines 301--302
 [] 
 []

[17] [18 <./four.png>] (./Ksiazka.toc)
\tf@toc=\write3
\openout3 = `Ksiazka.toc'.

 [19

] [20

] (./Ksiazka.lot)
\tf@lot=\write4
\openout4 = `Ksiazka.lot'.

 [21] [22

]
(./Ksiazka.lof)
\tf@lof=\write5
\openout5 = `Ksiazka.lof'.

 (./Ksiazka.bbl [23] [24

]
Underfull \hbox (badness 10000) in paragraph at lines 10--13
[]\OT1/cmr/m/n/10.95 ChrisO.  Tre-buchet physics.  http://www.real-world-physic
s-
 []

) [25] (./Ksiazka.aux) ) 
Here is how much of TeX's memory you used:
 3473 strings out of 494918
 44710 string characters out of 6180100
 114016 words of memory out of 5000000
 6665 multiletter control sequences out of 15000+600000
 13816 words of font info for 50 fonts, out of 8000000 for 9000
 34 hyphenation exceptions out of 8191
 41i,16n,35p,486b,292s stack positions out of 5000i,500n,10000p,200000b,80000s
</usr/share/texlive/texmf-dist/fonts/type1/public/amsfo
nts/cm/cmbx10.pfb></usr/share/texlive/texmf-dist/fonts/type1/public/amsfonts/cm
/cmbx12.pfb></usr/share/texlive/texmf-dist/fonts/type1/public/amsfonts/cm/cmcsc
10.pfb></usr/share/texlive/texmf-dist/fonts/type1/public/amsfonts/cm/cmex10.pfb
></usr/share/texlive/texmf-dist/fonts/type1/public/amsfonts/cm/cmmi10.pfb></usr
/share/texlive/texmf-dist/fonts/type1/public/amsfonts/cm/cmmi8.pfb></usr/share/
texlive/texmf-dist/fonts/type1/public/amsfonts/cm/cmr10.pfb></usr/share/texlive
/texmf-dist/fonts/type1/public/amsfonts/cm/cmr12.pfb></usr/share/texlive/texmf-
dist/fonts/type1/public/amsfonts/cm/cmr6.pfb></usr/share/texlive/texmf-dist/fon
ts/type1/public/amsfonts/cm/cmr8.pfb></usr/share/texlive/texmf-dist/fonts/type1
/public/amsfonts/cm/cmsl10.pfb></usr/share/texlive/texmf-dist/fonts/type1/publi
c/amsfonts/cm/cmsy10.pfb></usr/share/texlive/texmf-dist/fonts/type1/public/amsf
onts/cm/cmsy8.pfb></usr/share/texlive/texmf-dist/fonts/type1/public/amsfonts/cm
/cmti10.pfb></usr/share/texlive/texmf-dist/fonts/type1/public/amsfonts/cm/cmti1
2.pfb></usr/share/texlive/texmf-dist/fonts/type1/public/amsfonts/euler/eurm10.p
fb>
Output written on Ksiazka.pdf (25 pages, 738021 bytes).
PDF statistics:
 155 PDF objects out of 1000 (max. 8388607)
 105 compressed objects within 2 object streams
 0 named destinations out of 1000 (max. 500000)
 21 words of extra memory for PDF output out of 10000 (max. 10000000)

